<?xml version="1.0" encoding="UTF-8"?>
<!-- Generated by org.testng.reporters.JUnitXMLReporter -->
<testsuite hostname="BSCWL751628" name="testLicense_ExpyDate" tests="1" failures="1" timestamp="24 Nov 2014 19:04:28 GMT" time="9.632" errors="0">
  <testcase name="testLicense_ExpyDate" time="5.972" classname="tests.FunctionalTests">
    <failure type="java.lang.AssertionError" message="Confluence 5.5.3 expected [true] but found [false]">
      <![CDATA[java.lang.AssertionError: Confluence 5.5.3 expected [true] but found [false]
	at tests.FunctionalTests.testLicense_ExpyDate(FunctionalTests.java:47)
... Removed 27 stack frames]]>
    </failure>
  </testcase> <!-- testLicense_ExpyDate -->
</testsuite> <!-- testLicense_ExpyDate -->
