<?xml version="1.0" encoding="UTF-8"?>
<!-- Generated by org.testng.reporters.JUnitXMLReporter -->
<testsuite hostname="BSCWL751628" name="testHomePage" tests="1" failures="1" timestamp="27 Aug 2014 18:30:27 GMT" time="12.963" errors="0">
  <testcase name="testHomePage" time="4.174" classname="tests.HomePageTest">
    <failure type="org.openqa.selenium.NoSuchElementException" message="Unable to locate element: {&amp;quot;method&amp;quot;:&amp;quot;name&amp;quot;,&amp;quot;selector&amp;quot;:&amp;quot;os_username&amp;quot;}
Command duration or timeout: 1.31 seconds
For documentation on this error, please visit: http://seleniumhq.org/exceptions/no_such_element.html
Build info: version: &amp;apos;2.41.0&amp;apos;, revision: &amp;apos;3192d8a&amp;apos;, time: &amp;apos;2014-03-27 17:18:15&amp;apos;
System info: host: &amp;apos;BSCWL751628&amp;apos;, ip: &amp;apos;165.253.43.157&amp;apos;, os.name: &amp;apos;Windows 7&amp;apos;, os.arch: &amp;apos;x86&amp;apos;, os.version: &amp;apos;6.1&amp;apos;, java.version: &amp;apos;1.6.0_33&amp;apos;
Session ID: 08fc6486-b48a-4ebc-9730-e3a7a3b54d72
Driver info: org.openqa.selenium.firefox.FirefoxDriver
Capabilities [{platform=XP, acceptSslCerts=true, javascriptEnabled=true, browserName=firefox, rotatable=false, locationContextEnabled=true, version=30.0, cssSelectorsEnabled=true, databaseEnabled=true, handlesAlerts=true, browserConnectionEnabled=true, nativeEvents=false, webStorageEnabled=true, applicationCacheEnabled=true, takesScreenshot=true}]">
      <![CDATA[org.openqa.selenium.NoSuchElementException: Unable to locate element: {"method":"name","selector":"os_username"}
Command duration or timeout: 1.31 seconds
For documentation on this error, please visit: http://seleniumhq.org/exceptions/no_such_element.html
Build info: version: '2.41.0', revision: '3192d8a', time: '2014-03-27 17:18:15'
System info: host: 'BSCWL751628', ip: '165.253.43.157', os.name: 'Windows 7', os.arch: 'x86', os.version: '6.1', java.version: '1.6.0_33'
Session ID: 08fc6486-b48a-4ebc-9730-e3a7a3b54d72
Driver info: org.openqa.selenium.firefox.FirefoxDriver
Capabilities [{platform=XP, acceptSslCerts=true, javascriptEnabled=true, browserName=firefox, rotatable=false, locationContextEnabled=true, version=30.0, cssSelectorsEnabled=true, databaseEnabled=true, handlesAlerts=true, browserConnectionEnabled=true, nativeEvents=false, webStorageEnabled=true, applicationCacheEnabled=true, takesScreenshot=true}]
	at org.openqa.selenium.remote.ErrorHandler.createThrowable(ErrorHandler.java:193)
	at org.openqa.selenium.remote.ErrorHandler.throwIfResponseFailed(ErrorHandler.java:145)
	at org.openqa.selenium.remote.RemoteWebDriver.execute(RemoteWebDriver.java:595)
	at org.openqa.selenium.remote.RemoteWebDriver.findElement(RemoteWebDriver.java:348)
	at org.openqa.selenium.remote.RemoteWebDriver.findElementByName(RemoteWebDriver.java:421)
	at org.openqa.selenium.By$ByName.findElement(By.java:299)
	at org.openqa.selenium.remote.RemoteWebDriver.findElement(RemoteWebDriver.java:340)
	at pages.LoginPage.enterUserName(LoginPage.java:35)
	at tests.HomePageTest.testHomePage(HomePageTest.java:33)
Caused by: org.openqa.selenium.remote.ErrorHandler$UnknownServerException: Unable to locate element: {"method":"name","selector":"os_username"}
Build info: version: '2.41.0', revision: '3192d8a', time: '2014-03-27 17:18:15'
System info: host: 'BSCWL751628', ip: '165.253.43.157', os.name: 'Windows 7', os.arch: 'x86', os.version: '6.1', java.version: '1.6.0_33'
Driver info: driver.version: unknown
	at <anonymous class>.FirefoxDriver.prototype.findElementInternal_(file:///C:/Users/vgjoze01/AppData/Local/Temp/anonymous4105338608830370084webdriver-profile/extensions/fxdriver@googlecode.com/components/driver_component.js:8905:7)
	at <anonymous class>.FirefoxDriver.prototype.findElement(file:///C:/Users/vgjoze01/AppData/Local/Temp/anonymous4105338608830370084webdriver-profile/extensions/fxdriver@googlecode.com/components/driver_component.js:8914:3)
	at <anonymous class>.DelayedCommand.prototype.executeInternal_/h(file:///C:/Users/vgjoze01/AppData/Local/Temp/anonymous4105338608830370084webdriver-profile/extensions/fxdriver@googlecode.com/components/command_processor.js:10884:11)
	at <anonymous class>.DelayedCommand.prototype.executeInternal_(file:///C:/Users/vgjoze01/AppData/Local/Temp/anonymous4105338608830370084webdriver-profile/extensions/fxdriver@googlecode.com/components/command_processor.js:10889:7)
	at <anonymous class>.DelayedCommand.prototype.execute/<(file:///C:/Users/vgjoze01/AppData/Local/Temp/anonymous4105338608830370084webdriver-profile/extensions/fxdriver@googlecode.com/components/command_processor.js:10831:5)
... Removed 28 stack frames]]>
    </failure>
  </testcase> <!-- testHomePage -->
</testsuite> <!-- testHomePage -->
